{"/Users/tetianashostak/Documents/project/nodejs-hw-rest-api/app.js": {"path":"/Users/tetianashostak/Documents/project/nodejs-hw-rest-api/app.js","statementMap":{"0":{"start":{"line":1,"column":16},"end":{"line":1,"column":34}},"1":{"start":{"line":2,"column":15},"end":{"line":2,"column":32}},"2":{"start":{"line":3,"column":13},"end":{"line":3,"column":28}},"3":{"start":{"line":4,"column":19},"end":{"line":4,"column":51}},"4":{"start":{"line":5,"column":15},"end":{"line":5,"column":32}},"5":{"start":{"line":6,"column":0},"end":{"line":6,"column":27}},"6":{"start":{"line":7,"column":24},"end":{"line":7,"column":51}},"7":{"start":{"line":8,"column":21},"end":{"line":8,"column":51}},"8":{"start":{"line":10,"column":23},"end":{"line":10,"column":55}},"9":{"start":{"line":11,"column":20},"end":{"line":11,"column":49}},"10":{"start":{"line":13,"column":12},"end":{"line":13,"column":21}},"11":{"start":{"line":15,"column":22},"end":{"line":15,"column":72}},"12":{"start":{"line":17,"column":0},"end":{"line":17,"column":41}},"13":{"start":{"line":18,"column":0},"end":{"line":18,"column":18}},"14":{"start":{"line":19,"column":0},"end":{"line":19,"column":31}},"15":{"start":{"line":20,"column":0},"end":{"line":20,"column":16}},"16":{"start":{"line":21,"column":0},"end":{"line":21,"column":24}},"17":{"start":{"line":22,"column":0},"end":{"line":22,"column":22}},"18":{"start":{"line":24,"column":0},"end":{"line":27,"column":3}},"19":{"start":{"line":25,"column":2},"end":{"line":25,"column":54}},"20":{"start":{"line":26,"column":2},"end":{"line":26,"column":9}},"21":{"start":{"line":29,"column":0},"end":{"line":29,"column":35}},"22":{"start":{"line":30,"column":0},"end":{"line":30,"column":41}},"23":{"start":{"line":32,"column":0},"end":{"line":34,"column":3}},"24":{"start":{"line":33,"column":2},"end":{"line":33,"column":64}},"25":{"start":{"line":36,"column":0},"end":{"line":38,"column":3}},"26":{"start":{"line":37,"column":2},"end":{"line":37,"column":76}},"27":{"start":{"line":40,"column":0},"end":{"line":40,"column":21}}},"fnMap":{"0":{"name":"(anonymous_0)","decl":{"start":{"line":24,"column":8},"end":{"line":24,"column":9}},"loc":{"start":{"line":24,"column":29},"end":{"line":27,"column":1}},"line":24},"1":{"name":"(anonymous_1)","decl":{"start":{"line":32,"column":8},"end":{"line":32,"column":9}},"loc":{"start":{"line":32,"column":22},"end":{"line":34,"column":1}},"line":32},"2":{"name":"(anonymous_2)","decl":{"start":{"line":36,"column":8},"end":{"line":36,"column":9}},"loc":{"start":{"line":36,"column":33},"end":{"line":38,"column":1}},"line":36}},"branchMap":{"0":{"loc":{"start":{"line":15,"column":22},"end":{"line":15,"column":72}},"type":"cond-expr","locations":[{"start":{"line":15,"column":57},"end":{"line":15,"column":62}},{"start":{"line":15,"column":65},"end":{"line":15,"column":72}}],"line":15}},"s":{"0":2,"1":2,"2":2,"3":2,"4":2,"5":2,"6":2,"7":2,"8":2,"9":2,"10":2,"11":2,"12":2,"13":2,"14":2,"15":2,"16":2,"17":2,"18":2,"19":16,"20":16,"21":2,"22":2,"23":2,"24":0,"25":2,"26":0,"27":2},"f":{"0":16,"1":0,"2":0},"b":{"0":[0,2]},"_coverageSchema":"1a1c01bbd47fc00a2c39e90264f33305004495a9","hash":"28ae0b4dc464ad57d02d05c3d8b06e9e04c2e1e3"}
,"/Users/tetianashostak/Documents/project/nodejs-hw-rest-api/config/ db.js": {"path":"/Users/tetianashostak/Documents/project/nodejs-hw-rest-api/config/ db.js","statementMap":{"0":{"start":{"line":1,"column":17},"end":{"line":1,"column":36}},"1":{"start":{"line":2,"column":0},"end":{"line":2,"column":27}},"2":{"start":{"line":6,"column":0},"end":{"line":10,"column":1}},"3":{"start":{"line":7,"column":4},"end":{"line":7,"column":33}},"4":{"start":{"line":9,"column":4},"end":{"line":9,"column":28}},"5":{"start":{"line":12,"column":11},"end":{"line":15,"column":2}},"6":{"start":{"line":17,"column":0},"end":{"line":25,"column":1}},"7":{"start":{"line":18,"column":4},"end":{"line":20,"column":6}},"8":{"start":{"line":19,"column":8},"end":{"line":19,"column":48}},"9":{"start":{"line":22,"column":4},"end":{"line":24,"column":6}},"10":{"start":{"line":23,"column":8},"end":{"line":23,"column":66}},"11":{"start":{"line":27,"column":0},"end":{"line":31,"column":3}},"12":{"start":{"line":28,"column":4},"end":{"line":28,"column":38}},"13":{"start":{"line":29,"column":4},"end":{"line":29,"column":66}},"14":{"start":{"line":30,"column":4},"end":{"line":30,"column":19}},"15":{"start":{"line":33,"column":0},"end":{"line":33,"column":20}}},"fnMap":{"0":{"name":"(anonymous_0)","decl":{"start":{"line":18,"column":40},"end":{"line":18,"column":41}},"loc":{"start":{"line":18,"column":46},"end":{"line":20,"column":5}},"line":18},"1":{"name":"(anonymous_1)","decl":{"start":{"line":22,"column":36},"end":{"line":22,"column":37}},"loc":{"start":{"line":22,"column":47},"end":{"line":24,"column":5}},"line":22},"2":{"name":"(anonymous_2)","decl":{"start":{"line":27,"column":21},"end":{"line":27,"column":22}},"loc":{"start":{"line":27,"column":33},"end":{"line":31,"column":1}},"line":27}},"branchMap":{"0":{"loc":{"start":{"line":6,"column":0},"end":{"line":10,"column":1}},"type":"if","locations":[{"start":{"line":6,"column":0},"end":{"line":10,"column":1}},{"start":{"line":8,"column":7},"end":{"line":10,"column":1}}],"line":6},"1":{"loc":{"start":{"line":17,"column":0},"end":{"line":25,"column":1}},"type":"if","locations":[{"start":{"line":17,"column":0},"end":{"line":25,"column":1}},{"start":{},"end":{}}],"line":17}},"s":{"0":2,"1":2,"2":2,"3":2,"4":0,"5":2,"6":2,"7":2,"8":2,"9":2,"10":0,"11":2,"12":0,"13":0,"14":0,"15":2},"f":{"0":2,"1":0,"2":0},"b":{"0":[2,0],"1":[2,0]},"_coverageSchema":"1a1c01bbd47fc00a2c39e90264f33305004495a9","hash":"492af2778f8abb1f76d433e7b39b67fdba842f36"}
,"/Users/tetianashostak/Documents/project/nodejs-hw-rest-api/config/passport.js": {"path":"/Users/tetianashostak/Documents/project/nodejs-hw-rest-api/config/passport.js","statementMap":{"0":{"start":{"line":1,"column":17},"end":{"line":1,"column":36}},"1":{"start":{"line":2,"column":33},"end":{"line":2,"column":56}},"2":{"start":{"line":3,"column":14},"end":{"line":3,"column":44}},"3":{"start":{"line":4,"column":0},"end":{"line":4,"column":27}},"4":{"start":{"line":6,"column":19},"end":{"line":6,"column":45}},"5":{"start":{"line":8,"column":15},"end":{"line":11,"column":1}},"6":{"start":{"line":13,"column":0},"end":{"line":28,"column":2}},"7":{"start":{"line":15,"column":8},"end":{"line":26,"column":9}},"8":{"start":{"line":16,"column":25},"end":{"line":16,"column":57}},"9":{"start":{"line":17,"column":12},"end":{"line":19,"column":13}},"10":{"start":{"line":18,"column":16},"end":{"line":18,"column":64}},"11":{"start":{"line":20,"column":12},"end":{"line":22,"column":13}},"12":{"start":{"line":21,"column":16},"end":{"line":21,"column":41}},"13":{"start":{"line":23,"column":12},"end":{"line":23,"column":36}},"14":{"start":{"line":25,"column":12},"end":{"line":25,"column":36}}},"fnMap":{"0":{"name":"(anonymous_0)","decl":{"start":{"line":14,"column":25},"end":{"line":14,"column":26}},"loc":{"start":{"line":14,"column":50},"end":{"line":27,"column":5}},"line":14}},"branchMap":{"0":{"loc":{"start":{"line":17,"column":12},"end":{"line":19,"column":13}},"type":"if","locations":[{"start":{"line":17,"column":12},"end":{"line":19,"column":13}},{"start":{},"end":{}}],"line":17},"1":{"loc":{"start":{"line":20,"column":12},"end":{"line":22,"column":13}},"type":"if","locations":[{"start":{"line":20,"column":12},"end":{"line":22,"column":13}},{"start":{},"end":{}}],"line":20}},"s":{"0":3,"1":3,"2":3,"3":3,"4":3,"5":3,"6":3,"7":12,"8":12,"9":12,"10":0,"11":12,"12":0,"13":12,"14":0},"f":{"0":12},"b":{"0":[0,12],"1":[0,12]},"_coverageSchema":"1a1c01bbd47fc00a2c39e90264f33305004495a9","hash":"27af95798798ad5687aa629c3b89ee712a1d271e"}
,"/Users/tetianashostak/Documents/project/nodejs-hw-rest-api/controllers/contacts.js": {"path":"/Users/tetianashostak/Documents/project/nodejs-hw-rest-api/controllers/contacts.js","statementMap":{"0":{"start":{"line":1,"column":17},"end":{"line":1,"column":50}},"1":{"start":{"line":2,"column":21},"end":{"line":2,"column":52}},"2":{"start":{"line":3,"column":24},"end":{"line":3,"column":57}},"3":{"start":{"line":5,"column":20},"end":{"line":14,"column":1}},"4":{"start":{"line":6,"column":19},"end":{"line":6,"column":30}},"5":{"start":{"line":7,"column":21},"end":{"line":7,"column":67}},"6":{"start":{"line":8,"column":8},"end":{"line":13,"column":11}},"7":{"start":{"line":16,"column":23},"end":{"line":30,"column":1}},"8":{"start":{"line":17,"column":19},"end":{"line":17,"column":30}},"9":{"start":{"line":18,"column":20},"end":{"line":18,"column":79}},"10":{"start":{"line":19,"column":8},"end":{"line":28,"column":5}},"11":{"start":{"line":20,"column":12},"end":{"line":27,"column":15}},"12":{"start":{"line":29,"column":4},"end":{"line":29,"column":59}},"13":{"start":{"line":32,"column":19},"end":{"line":43,"column":1}},"14":{"start":{"line":33,"column":19},"end":{"line":33,"column":30}},"15":{"start":{"line":34,"column":20},"end":{"line":34,"column":63}},"16":{"start":{"line":35,"column":8},"end":{"line":42,"column":11}},"17":{"start":{"line":45,"column":22},"end":{"line":59,"column":1}},"18":{"start":{"line":46,"column":19},"end":{"line":46,"column":30}},"19":{"start":{"line":47,"column":20},"end":{"line":47,"column":78}},"20":{"start":{"line":48,"column":8},"end":{"line":57,"column":5}},"21":{"start":{"line":49,"column":12},"end":{"line":56,"column":15}},"22":{"start":{"line":58,"column":4},"end":{"line":58,"column":59}},"23":{"start":{"line":61,"column":22},"end":{"line":79,"column":1}},"24":{"start":{"line":62,"column":19},"end":{"line":62,"column":30}},"25":{"start":{"line":63,"column":20},"end":{"line":67,"column":5}},"26":{"start":{"line":68,"column":4},"end":{"line":77,"column":5}},"27":{"start":{"line":69,"column":8},"end":{"line":76,"column":11}},"28":{"start":{"line":78,"column":4},"end":{"line":78,"column":59}},"29":{"start":{"line":81,"column":28},"end":{"line":99,"column":1}},"30":{"start":{"line":82,"column":19},"end":{"line":82,"column":30}},"31":{"start":{"line":83,"column":20},"end":{"line":87,"column":5}},"32":{"start":{"line":88,"column":8},"end":{"line":97,"column":9}},"33":{"start":{"line":89,"column":12},"end":{"line":96,"column":15}},"34":{"start":{"line":98,"column":8},"end":{"line":98,"column":63}},"35":{"start":{"line":101,"column":0},"end":{"line":108,"column":2}}},"fnMap":{"0":{"name":"(anonymous_0)","decl":{"start":{"line":5,"column":20},"end":{"line":5,"column":21}},"loc":{"start":{"line":5,"column":40},"end":{"line":14,"column":1}},"line":5},"1":{"name":"(anonymous_1)","decl":{"start":{"line":16,"column":23},"end":{"line":16,"column":24}},"loc":{"start":{"line":16,"column":43},"end":{"line":30,"column":1}},"line":16},"2":{"name":"(anonymous_2)","decl":{"start":{"line":32,"column":19},"end":{"line":32,"column":20}},"loc":{"start":{"line":32,"column":39},"end":{"line":43,"column":1}},"line":32},"3":{"name":"(anonymous_3)","decl":{"start":{"line":45,"column":22},"end":{"line":45,"column":23}},"loc":{"start":{"line":45,"column":42},"end":{"line":59,"column":1}},"line":45},"4":{"name":"(anonymous_4)","decl":{"start":{"line":61,"column":22},"end":{"line":61,"column":23}},"loc":{"start":{"line":61,"column":42},"end":{"line":79,"column":1}},"line":61},"5":{"name":"(anonymous_5)","decl":{"start":{"line":81,"column":28},"end":{"line":81,"column":29}},"loc":{"start":{"line":81,"column":48},"end":{"line":99,"column":1}},"line":81}},"branchMap":{"0":{"loc":{"start":{"line":19,"column":8},"end":{"line":28,"column":5}},"type":"if","locations":[{"start":{"line":19,"column":8},"end":{"line":28,"column":5}},{"start":{},"end":{}}],"line":19},"1":{"loc":{"start":{"line":48,"column":8},"end":{"line":57,"column":5}},"type":"if","locations":[{"start":{"line":48,"column":8},"end":{"line":57,"column":5}},{"start":{},"end":{}}],"line":48},"2":{"loc":{"start":{"line":68,"column":4},"end":{"line":77,"column":5}},"type":"if","locations":[{"start":{"line":68,"column":4},"end":{"line":77,"column":5}},{"start":{},"end":{}}],"line":68},"3":{"loc":{"start":{"line":88,"column":8},"end":{"line":97,"column":9}},"type":"if","locations":[{"start":{"line":88,"column":8},"end":{"line":97,"column":9}},{"start":{},"end":{}}],"line":88}},"s":{"0":2,"1":2,"2":2,"3":2,"4":1,"5":1,"6":1,"7":2,"8":2,"9":2,"10":2,"11":1,"12":1,"13":2,"14":1,"15":1,"16":1,"17":2,"18":2,"19":2,"20":2,"21":1,"22":1,"23":2,"24":0,"25":0,"26":0,"27":0,"28":0,"29":2,"30":2,"31":2,"32":2,"33":1,"34":1,"35":2},"f":{"0":1,"1":2,"2":1,"3":2,"4":0,"5":2},"b":{"0":[1,1],"1":[1,1],"2":[0,0],"3":[1,1]},"_coverageSchema":"1a1c01bbd47fc00a2c39e90264f33305004495a9","hash":"09a14bef004547d67728e82a0096fa4272080bd2"}
,"/Users/tetianashostak/Documents/project/nodejs-hw-rest-api/controllers/users.js": {"path":"/Users/tetianashostak/Documents/project/nodejs-hw-rest-api/controllers/users.js","statementMap":{"0":{"start":{"line":1,"column":12},"end":{"line":1,"column":35}},"1":{"start":{"line":2,"column":11},"end":{"line":2,"column":33}},"2":{"start":{"line":3,"column":14},"end":{"line":3,"column":44}},"3":{"start":{"line":4,"column":22},"end":{"line":4,"column":57}},"4":{"start":{"line":5,"column":34},"end":{"line":5,"column":65}},"5":{"start":{"line":6,"column":0},"end":{"line":6,"column":27}},"6":{"start":{"line":8,"column":19},"end":{"line":8,"column":45}},"7":{"start":{"line":10,"column":15},"end":{"line":36,"column":1}},"8":{"start":{"line":11,"column":20},"end":{"line":11,"column":28}},"9":{"start":{"line":12,"column":17},"end":{"line":12,"column":47}},"10":{"start":{"line":13,"column":4},"end":{"line":19,"column":5}},"11":{"start":{"line":14,"column":8},"end":{"line":18,"column":10}},"12":{"start":{"line":20,"column":4},"end":{"line":35,"column":5}},"13":{"start":{"line":21,"column":24},"end":{"line":21,"column":52}},"14":{"start":{"line":22,"column":8},"end":{"line":32,"column":10}},"15":{"start":{"line":34,"column":8},"end":{"line":34,"column":20}},"16":{"start":{"line":38,"column":14},"end":{"line":60,"column":1}},"17":{"start":{"line":39,"column":36},"end":{"line":39,"column":44}},"18":{"start":{"line":40,"column":21},"end":{"line":40,"column":51}},"19":{"start":{"line":41,"column":32},"end":{"line":41,"column":69}},"20":{"start":{"line":42,"column":8},"end":{"line":48,"column":9}},"21":{"start":{"line":43,"column":12},"end":{"line":47,"column":15}},"22":{"start":{"line":49,"column":19},"end":{"line":49,"column":26}},"23":{"start":{"line":50,"column":24},"end":{"line":50,"column":30}},"24":{"start":{"line":51,"column":22},"end":{"line":51,"column":72}},"25":{"start":{"line":52,"column":8},"end":{"line":52,"column":43}},"26":{"start":{"line":53,"column":8},"end":{"line":59,"column":11}},"27":{"start":{"line":62,"column":15},"end":{"line":66,"column":1}},"28":{"start":{"line":63,"column":15},"end":{"line":63,"column":26}},"29":{"start":{"line":64,"column":4},"end":{"line":64,"column":38}},"30":{"start":{"line":65,"column":4},"end":{"line":65,"column":52}},"31":{"start":{"line":68,"column":16},"end":{"line":84,"column":1}},"32":{"start":{"line":69,"column":4},"end":{"line":83,"column":5}},"33":{"start":{"line":70,"column":50},"end":{"line":70,"column":58}},"34":{"start":{"line":71,"column":8},"end":{"line":80,"column":11}},"35":{"start":{"line":82,"column":8},"end":{"line":82,"column":20}},"36":{"start":{"line":86,"column":27},"end":{"line":111,"column":1}},"37":{"start":{"line":87,"column":4},"end":{"line":110,"column":5}},"38":{"start":{"line":88,"column":19},"end":{"line":88,"column":30}},"39":{"start":{"line":89,"column":21},"end":{"line":89,"column":65}},"40":{"start":{"line":90,"column":8},"end":{"line":107,"column":9}},"41":{"start":{"line":91,"column":12},"end":{"line":100,"column":14}},"42":{"start":{"line":102,"column":12},"end":{"line":106,"column":15}},"43":{"start":{"line":109,"column":8},"end":{"line":109,"column":16}},"44":{"start":{"line":113,"column":20},"end":{"line":121,"column":1}},"45":{"start":{"line":114,"column":4},"end":{"line":120,"column":7}},"46":{"start":{"line":123,"column":16},"end":{"line":131,"column":1}},"47":{"start":{"line":124,"column":4},"end":{"line":130,"column":7}},"48":{"start":{"line":133,"column":21},"end":{"line":141,"column":1}},"49":{"start":{"line":134,"column":4},"end":{"line":140,"column":7}},"50":{"start":{"line":143,"column":21},"end":{"line":167,"column":1}},"51":{"start":{"line":144,"column":32},"end":{"line":144,"column":40}},"52":{"start":{"line":145,"column":17},"end":{"line":145,"column":25}},"53":{"start":{"line":147,"column":24},"end":{"line":147,"column":33}},"54":{"start":{"line":148,"column":26},"end":{"line":148,"column":56}},"55":{"start":{"line":149,"column":45},"end":{"line":152,"column":5}},"56":{"start":{"line":154,"column":4},"end":{"line":154,"column":63}},"57":{"start":{"line":155,"column":4},"end":{"line":159,"column":5}},"58":{"start":{"line":156,"column":8},"end":{"line":156,"column":34}},"59":{"start":{"line":158,"column":8},"end":{"line":158,"column":34}},"60":{"start":{"line":160,"column":4},"end":{"line":166,"column":7}},"61":{"start":{"line":169,"column":0},"end":{"line":179,"column":2}}},"fnMap":{"0":{"name":"(anonymous_0)","decl":{"start":{"line":10,"column":15},"end":{"line":10,"column":16}},"loc":{"start":{"line":10,"column":41},"end":{"line":36,"column":1}},"line":10},"1":{"name":"(anonymous_1)","decl":{"start":{"line":38,"column":14},"end":{"line":38,"column":15}},"loc":{"start":{"line":38,"column":34},"end":{"line":60,"column":1}},"line":38},"2":{"name":"(anonymous_2)","decl":{"start":{"line":62,"column":15},"end":{"line":62,"column":16}},"loc":{"start":{"line":62,"column":35},"end":{"line":66,"column":1}},"line":62},"3":{"name":"(anonymous_3)","decl":{"start":{"line":68,"column":16},"end":{"line":68,"column":17}},"loc":{"start":{"line":68,"column":42},"end":{"line":84,"column":1}},"line":68},"4":{"name":"(anonymous_4)","decl":{"start":{"line":86,"column":27},"end":{"line":86,"column":28}},"loc":{"start":{"line":86,"column":53},"end":{"line":111,"column":1}},"line":86},"5":{"name":"(anonymous_5)","decl":{"start":{"line":113,"column":20},"end":{"line":113,"column":21}},"loc":{"start":{"line":113,"column":41},"end":{"line":121,"column":1}},"line":113},"6":{"name":"(anonymous_6)","decl":{"start":{"line":123,"column":16},"end":{"line":123,"column":17}},"loc":{"start":{"line":123,"column":37},"end":{"line":131,"column":1}},"line":123},"7":{"name":"(anonymous_7)","decl":{"start":{"line":133,"column":21},"end":{"line":133,"column":22}},"loc":{"start":{"line":133,"column":42},"end":{"line":141,"column":1}},"line":133},"8":{"name":"(anonymous_8)","decl":{"start":{"line":143,"column":21},"end":{"line":143,"column":22}},"loc":{"start":{"line":143,"column":48},"end":{"line":167,"column":1}},"line":143}},"branchMap":{"0":{"loc":{"start":{"line":13,"column":4},"end":{"line":19,"column":5}},"type":"if","locations":[{"start":{"line":13,"column":4},"end":{"line":19,"column":5}},{"start":{},"end":{}}],"line":13},"1":{"loc":{"start":{"line":42,"column":8},"end":{"line":48,"column":9}},"type":"if","locations":[{"start":{"line":42,"column":8},"end":{"line":48,"column":9}},{"start":{},"end":{}}],"line":42},"2":{"loc":{"start":{"line":42,"column":12},"end":{"line":42,"column":37}},"type":"binary-expr","locations":[{"start":{"line":42,"column":12},"end":{"line":42,"column":17}},{"start":{"line":42,"column":21},"end":{"line":42,"column":37}}],"line":42},"3":{"loc":{"start":{"line":90,"column":8},"end":{"line":107,"column":9}},"type":"if","locations":[{"start":{"line":90,"column":8},"end":{"line":107,"column":9}},{"start":{"line":101,"column":15},"end":{"line":107,"column":9}}],"line":90}},"s":{"0":2,"1":2,"2":2,"3":2,"4":2,"5":2,"6":2,"7":2,"8":2,"9":2,"10":2,"11":1,"12":1,"13":1,"14":1,"15":0,"16":2,"17":1,"18":1,"19":1,"20":1,"21":0,"22":1,"23":1,"24":1,"25":1,"26":1,"27":2,"28":1,"29":1,"30":1,"31":2,"32":1,"33":1,"34":1,"35":0,"36":2,"37":1,"38":1,"39":1,"40":1,"41":1,"42":0,"43":0,"44":2,"45":0,"46":2,"47":0,"48":2,"49":0,"50":2,"51":1,"52":1,"53":1,"54":1,"55":1,"56":0,"57":0,"58":0,"59":0,"60":0,"61":2},"f":{"0":2,"1":1,"2":1,"3":1,"4":1,"5":0,"6":0,"7":0,"8":1},"b":{"0":[1,1],"1":[0,1],"2":[1,1],"3":[1,0]},"_coverageSchema":"1a1c01bbd47fc00a2c39e90264f33305004495a9","hash":"9b224ec6627dbf892098baeeea82b2eac35c8f0b"}
,"/Users/tetianashostak/Documents/project/nodejs-hw-rest-api/helpers/constants.js": {"path":"/Users/tetianashostak/Documents/project/nodejs-hw-rest-api/helpers/constants.js","statementMap":{"0":{"start":{"line":1,"column":21},"end":{"line":5,"column":1}},"1":{"start":{"line":7,"column":17},"end":{"line":19,"column":1}},"2":{"start":{"line":21,"column":23},"end":{"line":23,"column":1}},"3":{"start":{"line":25,"column":19},"end":{"line":27,"column":1}},"4":{"start":{"line":29,"column":0},"end":{"line":29,"column":73}}},"fnMap":{},"branchMap":{},"s":{"0":3,"1":3,"2":3,"3":3,"4":3},"f":{},"b":{},"_coverageSchema":"1a1c01bbd47fc00a2c39e90264f33305004495a9","hash":"7882707477444a491998bfe957cb92e57f5f078f"}
,"/Users/tetianashostak/Documents/project/nodejs-hw-rest-api/helpers/customError.js": {"path":"/Users/tetianashostak/Documents/project/nodejs-hw-rest-api/helpers/customError.js","statementMap":{"0":{"start":{"line":3,"column":8},"end":{"line":3,"column":16}},"1":{"start":{"line":4,"column":8},"end":{"line":4,"column":29}},"2":{"start":{"line":5,"column":8},"end":{"line":5,"column":31}},"3":{"start":{"line":6,"column":8},"end":{"line":6,"column":25}},"4":{"start":{"line":10,"column":0},"end":{"line":10,"column":33}}},"fnMap":{"0":{"name":"(anonymous_0)","decl":{"start":{"line":2,"column":4},"end":{"line":2,"column":5}},"loc":{"start":{"line":2,"column":55},"end":{"line":7,"column":5}},"line":2}},"branchMap":{"0":{"loc":{"start":{"line":2,"column":33},"end":{"line":2,"column":53}},"type":"default-arg","locations":[{"start":{"line":2,"column":40},"end":{"line":2,"column":53}}],"line":2}},"s":{"0":3,"1":3,"2":3,"3":3,"4":2},"f":{"0":3},"b":{"0":[3]},"_coverageSchema":"1a1c01bbd47fc00a2c39e90264f33305004495a9","hash":"e5c634907ca2364c7dba08fedaf3032b7d50caf2"}
,"/Users/tetianashostak/Documents/project/nodejs-hw-rest-api/helpers/errorHandler.js": {"path":"/Users/tetianashostak/Documents/project/nodejs-hw-rest-api/helpers/errorHandler.js","statementMap":{"0":{"start":{"line":1,"column":21},"end":{"line":1,"column":43}},"1":{"start":{"line":3,"column":16},"end":{"line":32,"column":1}},"2":{"start":{"line":3,"column":24},"end":{"line":32,"column":1}},"3":{"start":{"line":4,"column":4},"end":{"line":31,"column":5}},"4":{"start":{"line":5,"column":23},"end":{"line":5,"column":47}},"5":{"start":{"line":6,"column":8},"end":{"line":6,"column":22}},"6":{"start":{"line":8,"column":8},"end":{"line":30,"column":9}},"7":{"start":{"line":10,"column":16},"end":{"line":16,"column":23}},"8":{"start":{"line":17,"column":16},"end":{"line":17,"column":21}},"9":{"start":{"line":19,"column":16},"end":{"line":25,"column":23}},"10":{"start":{"line":26,"column":16},"end":{"line":26,"column":21}},"11":{"start":{"line":28,"column":16},"end":{"line":28,"column":28}},"12":{"start":{"line":29,"column":16},"end":{"line":29,"column":22}},"13":{"start":{"line":34,"column":0},"end":{"line":34,"column":25}}},"fnMap":{"0":{"name":"(anonymous_0)","decl":{"start":{"line":3,"column":16},"end":{"line":3,"column":17}},"loc":{"start":{"line":3,"column":24},"end":{"line":32,"column":1}},"line":3},"1":{"name":"(anonymous_1)","decl":{"start":{"line":3,"column":24},"end":{"line":3,"column":25}},"loc":{"start":{"line":3,"column":50},"end":{"line":32,"column":1}},"line":3}},"branchMap":{"0":{"loc":{"start":{"line":8,"column":8},"end":{"line":30,"column":9}},"type":"switch","locations":[{"start":{"line":9,"column":12},"end":{"line":17,"column":21}},{"start":{"line":18,"column":12},"end":{"line":26,"column":21}},{"start":{"line":27,"column":12},"end":{"line":29,"column":22}}],"line":8}},"s":{"0":2,"1":2,"2":12,"3":8,"4":8,"5":5,"6":3,"7":0,"8":0,"9":3,"10":3,"11":0,"12":0,"13":2},"f":{"0":12,"1":8},"b":{"0":[0,3,0]},"_coverageSchema":"1a1c01bbd47fc00a2c39e90264f33305004495a9","hash":"5326893173a1be56ec980ad053cd27f84f14a1b0"}
,"/Users/tetianashostak/Documents/project/nodejs-hw-rest-api/helpers/guard.js": {"path":"/Users/tetianashostak/Documents/project/nodejs-hw-rest-api/helpers/guard.js","statementMap":{"0":{"start":{"line":1,"column":17},"end":{"line":1,"column":36}},"1":{"start":{"line":2,"column":0},"end":{"line":2,"column":30}},"2":{"start":{"line":3,"column":21},"end":{"line":3,"column":43}},"3":{"start":{"line":5,"column":14},"end":{"line":18,"column":1}},"4":{"start":{"line":6,"column":4},"end":{"line":17,"column":22}},"5":{"start":{"line":7,"column":22},"end":{"line":7,"column":61}},"6":{"start":{"line":8,"column":8},"end":{"line":14,"column":9}},"7":{"start":{"line":9,"column":12},"end":{"line":13,"column":14}},"8":{"start":{"line":15,"column":8},"end":{"line":15,"column":23}},"9":{"start":{"line":16,"column":8},"end":{"line":16,"column":21}},"10":{"start":{"line":20,"column":0},"end":{"line":20,"column":23}}},"fnMap":{"0":{"name":"(anonymous_0)","decl":{"start":{"line":5,"column":14},"end":{"line":5,"column":15}},"loc":{"start":{"line":5,"column":34},"end":{"line":18,"column":1}},"line":5},"1":{"name":"(anonymous_1)","decl":{"start":{"line":6,"column":53},"end":{"line":6,"column":54}},"loc":{"start":{"line":6,"column":68},"end":{"line":17,"column":5}},"line":6}},"branchMap":{"0":{"loc":{"start":{"line":8,"column":8},"end":{"line":14,"column":9}},"type":"if","locations":[{"start":{"line":8,"column":8},"end":{"line":14,"column":9}},{"start":{},"end":{}}],"line":8},"1":{"loc":{"start":{"line":8,"column":12},"end":{"line":8,"column":48}},"type":"binary-expr","locations":[{"start":{"line":8,"column":12},"end":{"line":8,"column":17}},{"start":{"line":8,"column":21},"end":{"line":8,"column":24}},{"start":{"line":8,"column":28},"end":{"line":8,"column":48}}],"line":8}},"s":{"0":3,"1":3,"2":3,"3":3,"4":16,"5":16,"6":16,"7":3,"8":13,"9":13,"10":3},"f":{"0":16,"1":16},"b":{"0":[3,13],"1":[16,14,14]},"_coverageSchema":"1a1c01bbd47fc00a2c39e90264f33305004495a9","hash":"584f978f4218c4347609fa13bf52e613e8a59b72"}
,"/Users/tetianashostak/Documents/project/nodejs-hw-rest-api/helpers/rate-limit-login.js": {"path":"/Users/tetianashostak/Documents/project/nodejs-hw-rest-api/helpers/rate-limit-login.js","statementMap":{"0":{"start":{"line":1,"column":18},"end":{"line":1,"column":47}},"1":{"start":{"line":2,"column":21},"end":{"line":2,"column":52}},"2":{"start":{"line":4,"column":16},"end":{"line":14,"column":2}},"3":{"start":{"line":8,"column":8},"end":{"line":12,"column":11}},"4":{"start":{"line":16,"column":0},"end":{"line":16,"column":25}}},"fnMap":{"0":{"name":"(anonymous_0)","decl":{"start":{"line":7,"column":13},"end":{"line":7,"column":14}},"loc":{"start":{"line":7,"column":33},"end":{"line":13,"column":5}},"line":7}},"branchMap":{},"s":{"0":2,"1":2,"2":2,"3":0,"4":2},"f":{"0":0},"b":{},"_coverageSchema":"1a1c01bbd47fc00a2c39e90264f33305004495a9","hash":"b514093f1cce6deb63ecb0f204bd81675e6cc313"}
,"/Users/tetianashostak/Documents/project/nodejs-hw-rest-api/helpers/role.js": {"path":"/Users/tetianashostak/Documents/project/nodejs-hw-rest-api/helpers/role.js","statementMap":{"0":{"start":{"line":1,"column":21},"end":{"line":1,"column":43}},"1":{"start":{"line":2,"column":22},"end":{"line":2,"column":56}},"2":{"start":{"line":4,"column":13},"end":{"line":16,"column":1}},"3":{"start":{"line":4,"column":23},"end":{"line":16,"column":1}},"4":{"start":{"line":5,"column":21},"end":{"line":5,"column":42}},"5":{"start":{"line":7,"column":4},"end":{"line":13,"column":5}},"6":{"start":{"line":8,"column":8},"end":{"line":12,"column":11}},"7":{"start":{"line":15,"column":4},"end":{"line":15,"column":18}},"8":{"start":{"line":18,"column":0},"end":{"line":18,"column":22}}},"fnMap":{"0":{"name":"(anonymous_0)","decl":{"start":{"line":4,"column":13},"end":{"line":4,"column":14}},"loc":{"start":{"line":4,"column":23},"end":{"line":16,"column":1}},"line":4},"1":{"name":"(anonymous_1)","decl":{"start":{"line":4,"column":23},"end":{"line":4,"column":24}},"loc":{"start":{"line":4,"column":43},"end":{"line":16,"column":1}},"line":4}},"branchMap":{"0":{"loc":{"start":{"line":7,"column":4},"end":{"line":13,"column":5}},"type":"if","locations":[{"start":{"line":7,"column":4},"end":{"line":13,"column":5}},{"start":{},"end":{}}],"line":7}},"s":{"0":2,"1":2,"2":2,"3":6,"4":0,"5":0,"6":0,"7":0,"8":2},"f":{"0":6,"1":0},"b":{"0":[0,0]},"_coverageSchema":"1a1c01bbd47fc00a2c39e90264f33305004495a9","hash":"562c69885556a5c97b4fea24cfe5b2b3b09d4bb9"}
,"/Users/tetianashostak/Documents/project/nodejs-hw-rest-api/helpers/uploads.js": {"path":"/Users/tetianashostak/Documents/project/nodejs-hw-rest-api/helpers/uploads.js","statementMap":{"0":{"start":{"line":1,"column":15},"end":{"line":1,"column":32}},"1":{"start":{"line":2,"column":0},"end":{"line":2,"column":27}},"2":{"start":{"line":3,"column":24},"end":{"line":3,"column":48}},"3":{"start":{"line":4,"column":37},"end":{"line":4,"column":59}},"4":{"start":{"line":5,"column":19},"end":{"line":5,"column":41}},"5":{"start":{"line":7,"column":16},"end":{"line":14,"column":2}},"6":{"start":{"line":9,"column":8},"end":{"line":9,"column":28}},"7":{"start":{"line":12,"column":8},"end":{"line":12,"column":65}},"8":{"start":{"line":16,"column":15},"end":{"line":25,"column":2}},"9":{"start":{"line":20,"column":8},"end":{"line":22,"column":9}},"10":{"start":{"line":21,"column":12},"end":{"line":21,"column":33}},"11":{"start":{"line":23,"column":8},"end":{"line":23,"column":76}},"12":{"start":{"line":27,"column":0},"end":{"line":27,"column":24}}},"fnMap":{"0":{"name":"(anonymous_0)","decl":{"start":{"line":8,"column":17},"end":{"line":8,"column":18}},"loc":{"start":{"line":8,"column":44},"end":{"line":10,"column":5}},"line":8},"1":{"name":"(anonymous_1)","decl":{"start":{"line":11,"column":14},"end":{"line":11,"column":15}},"loc":{"start":{"line":11,"column":40},"end":{"line":13,"column":5}},"line":11},"2":{"name":"(anonymous_2)","decl":{"start":{"line":19,"column":16},"end":{"line":19,"column":17}},"loc":{"start":{"line":19,"column":36},"end":{"line":24,"column":5}},"line":19}},"branchMap":{"0":{"loc":{"start":{"line":20,"column":8},"end":{"line":22,"column":9}},"type":"if","locations":[{"start":{"line":20,"column":8},"end":{"line":22,"column":9}},{"start":{},"end":{}}],"line":20}},"s":{"0":2,"1":2,"2":2,"3":2,"4":2,"5":2,"6":1,"7":1,"8":2,"9":1,"10":1,"11":0,"12":2},"f":{"0":1,"1":1,"2":1},"b":{"0":[1,0]},"_coverageSchema":"1a1c01bbd47fc00a2c39e90264f33305004495a9","hash":"92a26c0c498426fbfa83fdd902668294b2c98fe1"}
,"/Users/tetianashostak/Documents/project/nodejs-hw-rest-api/helpers/messages/role-message.js": {"path":"/Users/tetianashostak/Documents/project/nodejs-hw-rest-api/helpers/messages/role-message.js","statementMap":{"0":{"start":{"line":1,"column":18},"end":{"line":4,"column":1}},"1":{"start":{"line":6,"column":0},"end":{"line":6,"column":31}}},"fnMap":{},"branchMap":{},"s":{"0":2,"1":2},"f":{},"b":{},"_coverageSchema":"1a1c01bbd47fc00a2c39e90264f33305004495a9","hash":"db3f7ec37a2e9a1d01c1b441ca91fe5c60cf8315"}
,"/Users/tetianashostak/Documents/project/nodejs-hw-rest-api/model/contact.js": {"path":"/Users/tetianashostak/Documents/project/nodejs-hw-rest-api/model/contact.js","statementMap":{"0":{"start":{"line":1,"column":39},"end":{"line":1,"column":58}},"1":{"start":{"line":2,"column":25},"end":{"line":2,"column":56}},"2":{"start":{"line":4,"column":22},"end":{"line":40,"column":1}},"3":{"start":{"line":35,"column":16},"end":{"line":35,"column":30}},"4":{"start":{"line":36,"column":16},"end":{"line":36,"column":26}},"5":{"start":{"line":42,"column":0},"end":{"line":42,"column":39}},"6":{"start":{"line":44,"column":16},"end":{"line":44,"column":47}},"7":{"start":{"line":46,"column":0},"end":{"line":46,"column":25}}},"fnMap":{"0":{"name":"(anonymous_0)","decl":{"start":{"line":34,"column":23},"end":{"line":34,"column":24}},"loc":{"start":{"line":34,"column":43},"end":{"line":37,"column":13}},"line":34}},"branchMap":{},"s":{"0":2,"1":2,"2":2,"3":4,"4":4,"5":2,"6":2,"7":2},"f":{"0":4},"b":{},"_coverageSchema":"1a1c01bbd47fc00a2c39e90264f33305004495a9","hash":"d8fce3c447075ae0cab180b55dd9dfbb802a9dac"}
,"/Users/tetianashostak/Documents/project/nodejs-hw-rest-api/model/user.js": {"path":"/Users/tetianashostak/Documents/project/nodejs-hw-rest-api/model/user.js","statementMap":{"0":{"start":{"line":1,"column":26},"end":{"line":1,"column":45}},"1":{"start":{"line":2,"column":17},"end":{"line":2,"column":36}},"2":{"start":{"line":3,"column":37},"end":{"line":3,"column":68}},"3":{"start":{"line":4,"column":15},"end":{"line":4,"column":34}},"4":{"start":{"line":5,"column":20},"end":{"line":5,"column":21}},"5":{"start":{"line":7,"column":19},"end":{"line":47,"column":1}},"6":{"start":{"line":18,"column":27},"end":{"line":18,"column":40}},"7":{"start":{"line":19,"column":16},"end":{"line":19,"column":59}},"8":{"start":{"line":38,"column":16},"end":{"line":38,"column":74}},"9":{"start":{"line":49,"column":0},"end":{"line":55,"column":3}},"10":{"start":{"line":50,"column":4},"end":{"line":53,"column":5}},"11":{"start":{"line":51,"column":21},"end":{"line":51,"column":54}},"12":{"start":{"line":52,"column":8},"end":{"line":52,"column":63}},"13":{"start":{"line":54,"column":4},"end":{"line":54,"column":11}},"14":{"start":{"line":57,"column":0},"end":{"line":59,"column":2}},"15":{"start":{"line":58,"column":4},"end":{"line":58,"column":51}},"16":{"start":{"line":61,"column":13},"end":{"line":61,"column":38}},"17":{"start":{"line":63,"column":0},"end":{"line":63,"column":22}}},"fnMap":{"0":{"name":"(anonymous_0)","decl":{"start":{"line":17,"column":12},"end":{"line":17,"column":13}},"loc":{"start":{"line":17,"column":28},"end":{"line":20,"column":13}},"line":17},"1":{"name":"(anonymous_1)","decl":{"start":{"line":37,"column":21},"end":{"line":37,"column":22}},"loc":{"start":{"line":37,"column":33},"end":{"line":39,"column":13}},"line":37},"2":{"name":"(anonymous_2)","decl":{"start":{"line":49,"column":23},"end":{"line":49,"column":24}},"loc":{"start":{"line":49,"column":45},"end":{"line":55,"column":1}},"line":49},"3":{"name":"(anonymous_3)","decl":{"start":{"line":57,"column":37},"end":{"line":57,"column":38}},"loc":{"start":{"line":57,"column":63},"end":{"line":59,"column":1}},"line":57}},"branchMap":{"0":{"loc":{"start":{"line":50,"column":4},"end":{"line":53,"column":5}},"type":"if","locations":[{"start":{"line":50,"column":4},"end":{"line":53,"column":5}},{"start":{},"end":{}}],"line":50}},"s":{"0":3,"1":3,"2":3,"3":3,"4":3,"5":3,"6":2,"7":2,"8":2,"9":3,"10":2,"11":2,"12":2,"13":2,"14":3,"15":1,"16":3,"17":3},"f":{"0":2,"1":2,"2":2,"3":1},"b":{"0":[2,0]},"_coverageSchema":"1a1c01bbd47fc00a2c39e90264f33305004495a9","hash":"58086dc9f6d8d42402a8818673dd4be387e1ea85"}
,"/Users/tetianashostak/Documents/project/nodejs-hw-rest-api/repository/contacts.js": {"path":"/Users/tetianashostak/Documents/project/nodejs-hw-rest-api/repository/contacts.js","statementMap":{"0":{"start":{"line":1,"column":16},"end":{"line":1,"column":43}},"1":{"start":{"line":3,"column":21},"end":{"line":35,"column":1}},"2":{"start":{"line":12,"column":6},"end":{"line":12,"column":11}},"3":{"start":{"line":14,"column":24},"end":{"line":14,"column":34}},"4":{"start":{"line":15,"column":2},"end":{"line":17,"column":3}},"5":{"start":{"line":16,"column":4},"end":{"line":16,"column":38}},"6":{"start":{"line":19,"column":18},"end":{"line":32,"column":4}},"7":{"start":{"line":33,"column":47},"end":{"line":33,"column":54}},"8":{"start":{"line":34,"column":2},"end":{"line":34,"column":49}},"9":{"start":{"line":37,"column":23},"end":{"line":43,"column":1}},"10":{"start":{"line":38,"column":17},"end":{"line":41,"column":4}},"11":{"start":{"line":42,"column":2},"end":{"line":42,"column":16}},"12":{"start":{"line":45,"column":22},"end":{"line":48,"column":1}},"13":{"start":{"line":46,"column":17},"end":{"line":46,"column":70}},"14":{"start":{"line":47,"column":2},"end":{"line":47,"column":16}},"15":{"start":{"line":50,"column":19},"end":{"line":53,"column":1}},"16":{"start":{"line":51,"column":17},"end":{"line":51,"column":58}},"17":{"start":{"line":52,"column":2},"end":{"line":52,"column":16}},"18":{"start":{"line":55,"column":22},"end":{"line":62,"column":1}},"19":{"start":{"line":56,"column":17},"end":{"line":60,"column":3}},"20":{"start":{"line":61,"column":2},"end":{"line":61,"column":16}},"21":{"start":{"line":64,"column":0},"end":{"line":70,"column":2}}},"fnMap":{"0":{"name":"(anonymous_0)","decl":{"start":{"line":3,"column":21},"end":{"line":3,"column":22}},"loc":{"start":{"line":3,"column":46},"end":{"line":35,"column":1}},"line":3},"1":{"name":"(anonymous_1)","decl":{"start":{"line":37,"column":23},"end":{"line":37,"column":24}},"loc":{"start":{"line":37,"column":52},"end":{"line":43,"column":1}},"line":37},"2":{"name":"(anonymous_2)","decl":{"start":{"line":45,"column":22},"end":{"line":45,"column":23}},"loc":{"start":{"line":45,"column":51},"end":{"line":48,"column":1}},"line":45},"3":{"name":"(anonymous_3)","decl":{"start":{"line":50,"column":19},"end":{"line":50,"column":20}},"loc":{"start":{"line":50,"column":43},"end":{"line":53,"column":1}},"line":50},"4":{"name":"(anonymous_4)","decl":{"start":{"line":55,"column":22},"end":{"line":55,"column":23}},"loc":{"start":{"line":55,"column":57},"end":{"line":62,"column":1}},"line":55}},"branchMap":{"0":{"loc":{"start":{"line":8,"column":4},"end":{"line":8,"column":19}},"type":"default-arg","locations":[{"start":{"line":8,"column":15},"end":{"line":8,"column":19}}],"line":8},"1":{"loc":{"start":{"line":9,"column":4},"end":{"line":9,"column":13}},"type":"default-arg","locations":[{"start":{"line":9,"column":12},"end":{"line":9,"column":13}}],"line":9},"2":{"loc":{"start":{"line":10,"column":4},"end":{"line":10,"column":12}},"type":"default-arg","locations":[{"start":{"line":10,"column":11},"end":{"line":10,"column":12}}],"line":10},"3":{"loc":{"start":{"line":11,"column":4},"end":{"line":11,"column":14}},"type":"default-arg","locations":[{"start":{"line":11,"column":13},"end":{"line":11,"column":14}}],"line":11},"4":{"loc":{"start":{"line":15,"column":2},"end":{"line":17,"column":3}},"type":"if","locations":[{"start":{"line":15,"column":2},"end":{"line":17,"column":3}},{"start":{},"end":{}}],"line":15},"5":{"loc":{"start":{"line":24,"column":10},"end":{"line":24,"column":44}},"type":"cond-expr","locations":[{"start":{"line":24,"column":19},"end":{"line":24,"column":39}},{"start":{"line":24,"column":42},"end":{"line":24,"column":44}}],"line":24},"6":{"loc":{"start":{"line":25,"column":10},"end":{"line":25,"column":53}},"type":"cond-expr","locations":[{"start":{"line":25,"column":23},"end":{"line":25,"column":48}},{"start":{"line":25,"column":51},"end":{"line":25,"column":53}}],"line":25},"7":{"loc":{"start":{"line":27,"column":12},"end":{"line":27,"column":53}},"type":"cond-expr","locations":[{"start":{"line":27,"column":21},"end":{"line":27,"column":48}},{"start":{"line":27,"column":51},"end":{"line":27,"column":53}}],"line":27}},"s":{"0":2,"1":2,"2":1,"3":1,"4":1,"5":0,"6":1,"7":1,"8":1,"9":2,"10":2,"11":2,"12":2,"13":2,"14":2,"15":2,"16":1,"17":1,"18":2,"19":2,"20":2,"21":2},"f":{"0":1,"1":2,"2":2,"3":1,"4":2},"b":{"0":[1],"1":[1],"2":[1],"3":[1],"4":[0,1],"5":[0,1],"6":[0,1],"7":[0,1]},"_coverageSchema":"1a1c01bbd47fc00a2c39e90264f33305004495a9","hash":"1b6352c84f6a907ee4339d6ab914c925715d4da5"}
,"/Users/tetianashostak/Documents/project/nodejs-hw-rest-api/repository/users.js": {"path":"/Users/tetianashostak/Documents/project/nodejs-hw-rest-api/repository/users.js","statementMap":{"0":{"start":{"line":1,"column":13},"end":{"line":1,"column":37}},"1":{"start":{"line":3,"column":17},"end":{"line":5,"column":1}},"2":{"start":{"line":4,"column":4},"end":{"line":4,"column":44}},"3":{"start":{"line":7,"column":20},"end":{"line":9,"column":1}},"4":{"start":{"line":8,"column":4},"end":{"line":8,"column":41}},"5":{"start":{"line":11,"column":15},"end":{"line":14,"column":1}},"6":{"start":{"line":12,"column":17},"end":{"line":12,"column":34}},"7":{"start":{"line":13,"column":4},"end":{"line":13,"column":29}},"8":{"start":{"line":16,"column":20},"end":{"line":18,"column":1}},"9":{"start":{"line":17,"column":4},"end":{"line":17,"column":56}},"10":{"start":{"line":20,"column":27},"end":{"line":27,"column":1}},"11":{"start":{"line":21,"column":19},"end":{"line":25,"column":5}},"12":{"start":{"line":26,"column":4},"end":{"line":26,"column":18}},"13":{"start":{"line":29,"column":21},"end":{"line":31,"column":1}},"14":{"start":{"line":30,"column":4},"end":{"line":30,"column":70}},"15":{"start":{"line":33,"column":0},"end":{"line":33,"column":98}}},"fnMap":{"0":{"name":"(anonymous_0)","decl":{"start":{"line":3,"column":17},"end":{"line":3,"column":18}},"loc":{"start":{"line":3,"column":31},"end":{"line":5,"column":1}},"line":3},"1":{"name":"(anonymous_1)","decl":{"start":{"line":7,"column":20},"end":{"line":7,"column":21}},"loc":{"start":{"line":7,"column":37},"end":{"line":9,"column":1}},"line":7},"2":{"name":"(anonymous_2)","decl":{"start":{"line":11,"column":15},"end":{"line":11,"column":16}},"loc":{"start":{"line":11,"column":34},"end":{"line":14,"column":1}},"line":11},"3":{"name":"(anonymous_3)","decl":{"start":{"line":16,"column":20},"end":{"line":16,"column":21}},"loc":{"start":{"line":16,"column":41},"end":{"line":18,"column":1}},"line":16},"4":{"name":"(anonymous_4)","decl":{"start":{"line":20,"column":27},"end":{"line":20,"column":28}},"loc":{"start":{"line":20,"column":51},"end":{"line":27,"column":1}},"line":20},"5":{"name":"(anonymous_5)","decl":{"start":{"line":29,"column":21},"end":{"line":29,"column":22}},"loc":{"start":{"line":29,"column":63},"end":{"line":31,"column":1}},"line":29}},"branchMap":{"0":{"loc":{"start":{"line":29,"column":40},"end":{"line":29,"column":58}},"type":"default-arg","locations":[{"start":{"line":29,"column":54},"end":{"line":29,"column":58}}],"line":29}},"s":{"0":3,"1":3,"2":12,"3":3,"4":3,"5":3,"6":1,"7":1,"8":3,"9":2,"10":3,"11":1,"12":1,"13":3,"14":0,"15":3},"f":{"0":12,"1":3,"2":1,"3":2,"4":1,"5":0},"b":{"0":[0]},"_coverageSchema":"1a1c01bbd47fc00a2c39e90264f33305004495a9","hash":"b98708bdc6fbffb6e5dcd944b021233f29cab4b5"}
,"/Users/tetianashostak/Documents/project/nodejs-hw-rest-api/routes/api/contacts.js": {"path":"/Users/tetianashostak/Documents/project/nodejs-hw-rest-api/routes/api/contacts.js","statementMap":{"0":{"start":{"line":1,"column":16},"end":{"line":1,"column":34}},"1":{"start":{"line":2,"column":15},"end":{"line":2,"column":31}},"2":{"start":{"line":3,"column":102},"end":{"line":3,"column":139}},"3":{"start":{"line":4,"column":91},"end":{"line":4,"column":135}},"4":{"start":{"line":5,"column":14},"end":{"line":5,"column":44}},"5":{"start":{"line":6,"column":18},"end":{"line":6,"column":55}},"6":{"start":{"line":8,"column":0},"end":{"line":8,"column":47}},"7":{"start":{"line":10,"column":0},"end":{"line":10,"column":69}},"8":{"start":{"line":12,"column":0},"end":{"line":12,"column":61}},"9":{"start":{"line":14,"column":0},"end":{"line":14,"column":71}},"10":{"start":{"line":16,"column":0},"end":{"line":16,"column":85}},"11":{"start":{"line":18,"column":0},"end":{"line":18,"column":125}},"12":{"start":{"line":20,"column":0},"end":{"line":20,"column":24}}},"fnMap":{},"branchMap":{},"s":{"0":2,"1":2,"2":2,"3":2,"4":2,"5":2,"6":2,"7":2,"8":2,"9":2,"10":2,"11":2,"12":2},"f":{},"b":{},"_coverageSchema":"1a1c01bbd47fc00a2c39e90264f33305004495a9","hash":"a20364f1b187b7432bd814c01febe1872b2f29fd"}
,"/Users/tetianashostak/Documents/project/nodejs-hw-rest-api/routes/api/users.js": {"path":"/Users/tetianashostak/Documents/project/nodejs-hw-rest-api/routes/api/users.js","statementMap":{"0":{"start":{"line":1,"column":16},"end":{"line":1,"column":34}},"1":{"start":{"line":2,"column":15},"end":{"line":2,"column":31}},"2":{"start":{"line":11,"column":20},"end":{"line":11,"column":54}},"3":{"start":{"line":12,"column":74},"end":{"line":12,"column":115}},"4":{"start":{"line":13,"column":14},"end":{"line":13,"column":44}},"5":{"start":{"line":14,"column":25},"end":{"line":14,"column":59}},"6":{"start":{"line":15,"column":13},"end":{"line":15,"column":42}},"7":{"start":{"line":16,"column":19},"end":{"line":16,"column":60}},"8":{"start":{"line":17,"column":15},"end":{"line":17,"column":47}},"9":{"start":{"line":20,"column":0},"end":{"line":20,"column":73}},"10":{"start":{"line":22,"column":0},"end":{"line":22,"column":51}},"11":{"start":{"line":24,"column":0},"end":{"line":24,"column":56}},"12":{"start":{"line":26,"column":0},"end":{"line":26,"column":38}},"13":{"start":{"line":28,"column":0},"end":{"line":28,"column":39}},"14":{"start":{"line":30,"column":0},"end":{"line":30,"column":71}},"15":{"start":{"line":32,"column":0},"end":{"line":32,"column":59}},"16":{"start":{"line":34,"column":0},"end":{"line":34,"column":74}},"17":{"start":{"line":36,"column":0},"end":{"line":36,"column":45}},"18":{"start":{"line":38,"column":0},"end":{"line":38,"column":71}},"19":{"start":{"line":41,"column":0},"end":{"line":41,"column":24}}},"fnMap":{},"branchMap":{},"s":{"0":2,"1":2,"2":2,"3":2,"4":2,"5":2,"6":2,"7":2,"8":2,"9":2,"10":2,"11":2,"12":2,"13":2,"14":2,"15":2,"16":2,"17":2,"18":2,"19":2},"f":{},"b":{},"_coverageSchema":"1a1c01bbd47fc00a2c39e90264f33305004495a9","hash":"85f5731d5782254b408767442744ae528d541449"}
,"/Users/tetianashostak/Documents/project/nodejs-hw-rest-api/services/cloud-upload.js": {"path":"/Users/tetianashostak/Documents/project/nodejs-hw-rest-api/services/cloud-upload.js","statementMap":{"0":{"start":{"line":1,"column":19},"end":{"line":1,"column":43}},"1":{"start":{"line":2,"column":22},"end":{"line":2,"column":37}},"2":{"start":{"line":4,"column":0},"end":{"line":4,"column":26}},"3":{"start":{"line":5,"column":0},"end":{"line":10,"column":2}},"4":{"start":{"line":14,"column":8},"end":{"line":14,"column":38}},"5":{"start":{"line":15,"column":8},"end":{"line":15,"column":64}},"6":{"start":{"line":20,"column":12},"end":{"line":24,"column":14}},"7":{"start":{"line":25,"column":8},"end":{"line":28,"column":9}},"8":{"start":{"line":32,"column":0},"end":{"line":32,"column":34}}},"fnMap":{"0":{"name":"(anonymous_0)","decl":{"start":{"line":13,"column":4},"end":{"line":13,"column":5}},"loc":{"start":{"line":13,"column":29},"end":{"line":16,"column":5}},"line":13},"1":{"name":"(anonymous_1)","decl":{"start":{"line":18,"column":4},"end":{"line":18,"column":5}},"loc":{"start":{"line":18,"column":38},"end":{"line":29,"column":5}},"line":18}},"branchMap":{},"s":{"0":2,"1":2,"2":2,"3":2,"4":1,"5":1,"6":1,"7":0,"8":2},"f":{"0":1,"1":1},"b":{},"_coverageSchema":"1a1c01bbd47fc00a2c39e90264f33305004495a9","hash":"694a6feaeab6705abccaa3f423021b18f3499967"}
,"/Users/tetianashostak/Documents/project/nodejs-hw-rest-api/services/validationContacts.js": {"path":"/Users/tetianashostak/Documents/project/nodejs-hw-rest-api/services/validationContacts.js","statementMap":{"0":{"start":{"line":1,"column":12},"end":{"line":1,"column":26}},"1":{"start":{"line":2,"column":0},"end":{"line":2,"column":44}},"2":{"start":{"line":3,"column":21},"end":{"line":3,"column":52}},"3":{"start":{"line":5,"column":21},"end":{"line":17,"column":2}},"4":{"start":{"line":19,"column":27},"end":{"line":31,"column":9}},"5":{"start":{"line":33,"column":24},"end":{"line":45,"column":2}},"6":{"start":{"line":47,"column":27},"end":{"line":49,"column":2}},"7":{"start":{"line":51,"column":16},"end":{"line":53,"column":2}},"8":{"start":{"line":55,"column":17},"end":{"line":66,"column":1}},"9":{"start":{"line":56,"column":4},"end":{"line":65,"column":5}},"10":{"start":{"line":57,"column":8},"end":{"line":57,"column":40}},"11":{"start":{"line":58,"column":8},"end":{"line":58,"column":22}},"12":{"start":{"line":60,"column":8},"end":{"line":64,"column":11}},"13":{"start":{"line":68,"column":0},"end":{"line":70,"column":2}},"14":{"start":{"line":69,"column":4},"end":{"line":69,"column":50}},"15":{"start":{"line":72,"column":0},"end":{"line":74,"column":2}},"16":{"start":{"line":73,"column":4},"end":{"line":73,"column":56}},"17":{"start":{"line":76,"column":0},"end":{"line":78,"column":2}},"18":{"start":{"line":77,"column":4},"end":{"line":77,"column":53}},"19":{"start":{"line":80,"column":0},"end":{"line":82,"column":2}},"20":{"start":{"line":81,"column":4},"end":{"line":81,"column":56}},"21":{"start":{"line":84,"column":0},"end":{"line":86,"column":2}},"22":{"start":{"line":85,"column":4},"end":{"line":85,"column":47}}},"fnMap":{"0":{"name":"(anonymous_0)","decl":{"start":{"line":55,"column":17},"end":{"line":55,"column":18}},"loc":{"start":{"line":55,"column":46},"end":{"line":66,"column":1}},"line":55},"1":{"name":"(anonymous_1)","decl":{"start":{"line":68,"column":30},"end":{"line":68,"column":31}},"loc":{"start":{"line":68,"column":51},"end":{"line":70,"column":1}},"line":68},"2":{"name":"(anonymous_2)","decl":{"start":{"line":72,"column":36},"end":{"line":72,"column":37}},"loc":{"start":{"line":72,"column":57},"end":{"line":74,"column":1}},"line":72},"3":{"name":"(anonymous_3)","decl":{"start":{"line":76,"column":33},"end":{"line":76,"column":34}},"loc":{"start":{"line":76,"column":54},"end":{"line":78,"column":1}},"line":76},"4":{"name":"(anonymous_4)","decl":{"start":{"line":80,"column":36},"end":{"line":80,"column":37}},"loc":{"start":{"line":80,"column":57},"end":{"line":82,"column":1}},"line":80},"5":{"name":"(anonymous_5)","decl":{"start":{"line":84,"column":25},"end":{"line":84,"column":26}},"loc":{"start":{"line":84,"column":46},"end":{"line":86,"column":1}},"line":84}},"branchMap":{},"s":{"0":2,"1":2,"2":2,"3":2,"4":2,"5":2,"6":2,"7":2,"8":2,"9":11,"10":11,"11":11,"12":0,"13":2,"14":1,"15":2,"16":2,"17":2,"18":0,"19":2,"20":2,"21":2,"22":6},"f":{"0":11,"1":1,"2":2,"3":0,"4":2,"5":6},"b":{},"_coverageSchema":"1a1c01bbd47fc00a2c39e90264f33305004495a9","hash":"08ccd0fa6b340230985d06212c60bc3e6ab6d369"}
,"/Users/tetianashostak/Documents/project/nodejs-hw-rest-api/services/validationUsers.js": {"path":"/Users/tetianashostak/Documents/project/nodejs-hw-rest-api/services/validationUsers.js","statementMap":{"0":{"start":{"line":1,"column":12},"end":{"line":1,"column":26}},"1":{"start":{"line":2,"column":35},"end":{"line":2,"column":66}},"2":{"start":{"line":4,"column":22},"end":{"line":19,"column":2}},"3":{"start":{"line":21,"column":20},"end":{"line":28,"column":2}},"4":{"start":{"line":30,"column":37},"end":{"line":34,"column":2}},"5":{"start":{"line":36,"column":17},"end":{"line":47,"column":1}},"6":{"start":{"line":37,"column":4},"end":{"line":46,"column":5}},"7":{"start":{"line":38,"column":8},"end":{"line":38,"column":40}},"8":{"start":{"line":39,"column":8},"end":{"line":39,"column":22}},"9":{"start":{"line":41,"column":8},"end":{"line":45,"column":11}},"10":{"start":{"line":49,"column":0},"end":{"line":51,"column":2}},"11":{"start":{"line":50,"column":4},"end":{"line":50,"column":51}},"12":{"start":{"line":53,"column":0},"end":{"line":55,"column":2}},"13":{"start":{"line":54,"column":4},"end":{"line":54,"column":66}},"14":{"start":{"line":57,"column":0},"end":{"line":59,"column":2}},"15":{"start":{"line":58,"column":4},"end":{"line":58,"column":49}}},"fnMap":{"0":{"name":"(anonymous_0)","decl":{"start":{"line":36,"column":17},"end":{"line":36,"column":18}},"loc":{"start":{"line":36,"column":46},"end":{"line":47,"column":1}},"line":36},"1":{"name":"(anonymous_1)","decl":{"start":{"line":49,"column":36},"end":{"line":49,"column":37}},"loc":{"start":{"line":49,"column":57},"end":{"line":51,"column":1}},"line":49},"2":{"name":"(anonymous_2)","decl":{"start":{"line":53,"column":44},"end":{"line":53,"column":45}},"loc":{"start":{"line":53,"column":65},"end":{"line":55,"column":1}},"line":53},"3":{"name":"(anonymous_3)","decl":{"start":{"line":57,"column":31},"end":{"line":57,"column":32}},"loc":{"start":{"line":57,"column":52},"end":{"line":59,"column":1}},"line":57}},"branchMap":{},"s":{"0":2,"1":2,"2":2,"3":2,"4":2,"5":2,"6":4,"7":4,"8":4,"9":0,"10":2,"11":2,"12":2,"13":1,"14":2,"15":1},"f":{"0":4,"1":2,"2":1,"3":1},"b":{},"_coverageSchema":"1a1c01bbd47fc00a2c39e90264f33305004495a9","hash":"2ed560bfa5775e11bae4221ac2f1afabe7e96ff0"}
,"/Users/tetianashostak/Documents/project/nodejs-hw-rest-api/test/data/data.js": {"path":"/Users/tetianashostak/Documents/project/nodejs-hw-rest-api/test/data/data.js","statementMap":{"0":{"start":{"line":1,"column":19},"end":{"line":5,"column":1}},"1":{"start":{"line":7,"column":31},"end":{"line":12,"column":1}},"2":{"start":{"line":14,"column":28},"end":{"line":17,"column":1}},"3":{"start":{"line":19,"column":0},"end":{"line":19,"column":78}}},"fnMap":{},"branchMap":{},"s":{"0":2,"1":2,"2":2,"3":2},"f":{},"b":{},"_coverageSchema":"1a1c01bbd47fc00a2c39e90264f33305004495a9","hash":"38697c4945fc4f69244ebd9f77d4772a44888db0"}
}
