TN:
SF:app.js
FN:24,(anonymous_0)
FN:32,(anonymous_1)
FN:36,(anonymous_2)
FNF:3
FNH:1
FNDA:16,(anonymous_0)
FNDA:0,(anonymous_1)
FNDA:0,(anonymous_2)
DA:1,2
DA:2,2
DA:3,2
DA:4,2
DA:5,2
DA:6,2
DA:7,2
DA:8,2
DA:10,2
DA:11,2
DA:13,2
DA:15,2
DA:17,2
DA:18,2
DA:19,2
DA:20,2
DA:21,2
DA:22,2
DA:24,2
DA:25,16
DA:26,16
DA:29,2
DA:30,2
DA:32,2
DA:33,0
DA:36,2
DA:37,0
DA:40,2
LF:28
LH:26
BRDA:15,0,0,0
BRDA:15,0,1,2
BRF:2
BRH:1
end_of_record
TN:
SF:config/ db.js
FN:18,(anonymous_0)
FN:22,(anonymous_1)
FN:27,(anonymous_2)
FNF:3
FNH:1
FNDA:2,(anonymous_0)
FNDA:0,(anonymous_1)
FNDA:0,(anonymous_2)
DA:1,2
DA:2,2
DA:6,2
DA:7,2
DA:9,0
DA:12,2
DA:17,2
DA:18,2
DA:19,2
DA:22,2
DA:23,0
DA:27,2
DA:28,0
DA:29,0
DA:30,0
DA:33,2
LF:16
LH:11
BRDA:6,0,0,2
BRDA:6,0,1,0
BRDA:17,1,0,2
BRDA:17,1,1,0
BRF:4
BRH:2
end_of_record
TN:
SF:config/passport.js
FN:14,(anonymous_0)
FNF:1
FNH:1
FNDA:12,(anonymous_0)
DA:1,3
DA:2,3
DA:3,3
DA:4,3
DA:6,3
DA:8,3
DA:13,3
DA:15,12
DA:16,12
DA:17,12
DA:18,0
DA:20,12
DA:21,0
DA:23,12
DA:25,0
LF:15
LH:12
BRDA:17,0,0,0
BRDA:17,0,1,12
BRDA:20,1,0,0
BRDA:20,1,1,12
BRF:4
BRH:2
end_of_record
TN:
SF:controllers/contacts.js
FN:5,(anonymous_0)
FN:16,(anonymous_1)
FN:32,(anonymous_2)
FN:45,(anonymous_3)
FN:61,(anonymous_4)
FN:81,(anonymous_5)
FNF:6
FNH:5
FNDA:1,(anonymous_0)
FNDA:2,(anonymous_1)
FNDA:1,(anonymous_2)
FNDA:2,(anonymous_3)
FNDA:0,(anonymous_4)
FNDA:2,(anonymous_5)
DA:1,2
DA:2,2
DA:3,2
DA:5,2
DA:6,1
DA:7,1
DA:8,1
DA:16,2
DA:17,2
DA:18,2
DA:19,2
DA:20,1
DA:29,1
DA:32,2
DA:33,1
DA:34,1
DA:35,1
DA:45,2
DA:46,2
DA:47,2
DA:48,2
DA:49,1
DA:58,1
DA:61,2
DA:62,0
DA:63,0
DA:68,0
DA:69,0
DA:78,0
DA:81,2
DA:82,2
DA:83,2
DA:88,2
DA:89,1
DA:98,1
DA:101,2
LF:36
LH:31
BRDA:19,0,0,1
BRDA:19,0,1,1
BRDA:48,1,0,1
BRDA:48,1,1,1
BRDA:68,2,0,0
BRDA:68,2,1,0
BRDA:88,3,0,1
BRDA:88,3,1,1
BRF:8
BRH:6
end_of_record
TN:
SF:controllers/users.js
FN:10,(anonymous_0)
FN:38,(anonymous_1)
FN:62,(anonymous_2)
FN:68,(anonymous_3)
FN:86,(anonymous_4)
FN:113,(anonymous_5)
FN:123,(anonymous_6)
FN:133,(anonymous_7)
FN:143,(anonymous_8)
FNF:9
FNH:6
FNDA:2,(anonymous_0)
FNDA:1,(anonymous_1)
FNDA:1,(anonymous_2)
FNDA:1,(anonymous_3)
FNDA:1,(anonymous_4)
FNDA:0,(anonymous_5)
FNDA:0,(anonymous_6)
FNDA:0,(anonymous_7)
FNDA:1,(anonymous_8)
DA:1,2
DA:2,2
DA:3,2
DA:4,2
DA:5,2
DA:6,2
DA:8,2
DA:10,2
DA:11,2
DA:12,2
DA:13,2
DA:14,1
DA:20,1
DA:21,1
DA:22,1
DA:34,0
DA:38,2
DA:39,1
DA:40,1
DA:41,1
DA:42,1
DA:43,0
DA:49,1
DA:50,1
DA:51,1
DA:52,1
DA:53,1
DA:62,2
DA:63,1
DA:64,1
DA:65,1
DA:68,2
DA:69,1
DA:70,1
DA:71,1
DA:82,0
DA:86,2
DA:87,1
DA:88,1
DA:89,1
DA:90,1
DA:91,1
DA:102,0
DA:109,0
DA:113,2
DA:114,0
DA:123,2
DA:124,0
DA:133,2
DA:134,0
DA:143,2
DA:144,1
DA:145,1
DA:147,1
DA:148,1
DA:149,1
DA:154,0
DA:155,0
DA:156,0
DA:158,0
DA:160,0
DA:169,2
LF:62
LH:49
BRDA:13,0,0,1
BRDA:13,0,1,1
BRDA:42,1,0,0
BRDA:42,1,1,1
BRDA:42,2,0,1
BRDA:42,2,1,1
BRDA:90,3,0,1
BRDA:90,3,1,0
BRF:8
BRH:6
end_of_record
TN:
SF:helpers/constants.js
FNF:0
FNH:0
DA:1,3
DA:7,3
DA:21,3
DA:25,3
DA:29,3
LF:5
LH:5
BRF:0
BRH:0
end_of_record
TN:
SF:helpers/customError.js
FN:2,(anonymous_0)
FNF:1
FNH:1
FNDA:3,(anonymous_0)
DA:3,3
DA:4,3
DA:5,3
DA:6,3
DA:10,2
LF:5
LH:5
BRDA:2,0,0,3
BRF:1
BRH:1
end_of_record
TN:
SF:helpers/errorHandler.js
FN:3,(anonymous_0)
FN:3,(anonymous_1)
FNF:2
FNH:2
FNDA:12,(anonymous_0)
FNDA:8,(anonymous_1)
DA:1,2
DA:3,12
DA:4,8
DA:5,8
DA:6,5
DA:8,3
DA:10,0
DA:17,0
DA:19,3
DA:26,3
DA:28,0
DA:29,0
DA:34,2
LF:13
LH:9
BRDA:8,0,0,0
BRDA:8,0,1,3
BRDA:8,0,2,0
BRF:3
BRH:1
end_of_record
TN:
SF:helpers/guard.js
FN:5,(anonymous_0)
FN:6,(anonymous_1)
FNF:2
FNH:2
FNDA:16,(anonymous_0)
FNDA:16,(anonymous_1)
DA:1,3
DA:2,3
DA:3,3
DA:5,3
DA:6,16
DA:7,16
DA:8,16
DA:9,3
DA:15,13
DA:16,13
DA:20,3
LF:11
LH:11
BRDA:8,0,0,3
BRDA:8,0,1,13
BRDA:8,1,0,16
BRDA:8,1,1,14
BRDA:8,1,2,14
BRF:5
BRH:5
end_of_record
TN:
SF:helpers/rate-limit-login.js
FN:7,(anonymous_0)
FNF:1
FNH:0
FNDA:0,(anonymous_0)
DA:1,2
DA:2,2
DA:4,2
DA:8,0
DA:16,2
LF:5
LH:4
BRF:0
BRH:0
end_of_record
TN:
SF:helpers/role.js
FN:4,(anonymous_0)
FN:4,(anonymous_1)
FNF:2
FNH:1
FNDA:6,(anonymous_0)
FNDA:0,(anonymous_1)
DA:1,2
DA:2,2
DA:4,6
DA:5,0
DA:7,0
DA:8,0
DA:15,0
DA:18,2
LF:8
LH:4
BRDA:7,0,0,0
BRDA:7,0,1,0
BRF:2
BRH:0
end_of_record
TN:
SF:helpers/uploads.js
FN:8,(anonymous_0)
FN:11,(anonymous_1)
FN:19,(anonymous_2)
FNF:3
FNH:3
FNDA:1,(anonymous_0)
FNDA:1,(anonymous_1)
FNDA:1,(anonymous_2)
DA:1,2
DA:2,2
DA:3,2
DA:4,2
DA:5,2
DA:7,2
DA:9,1
DA:12,1
DA:16,2
DA:20,1
DA:21,1
DA:23,0
DA:27,2
LF:13
LH:12
BRDA:20,0,0,1
BRDA:20,0,1,0
BRF:2
BRH:1
end_of_record
TN:
SF:helpers/messages/role-message.js
FNF:0
FNH:0
DA:1,2
DA:6,2
LF:2
LH:2
BRF:0
BRH:0
end_of_record
TN:
SF:model/contact.js
FN:34,(anonymous_0)
FNF:1
FNH:1
FNDA:4,(anonymous_0)
DA:1,2
DA:2,2
DA:4,2
DA:35,4
DA:36,4
DA:42,2
DA:44,2
DA:46,2
LF:8
LH:8
BRF:0
BRH:0
end_of_record
TN:
SF:model/user.js
FN:17,(anonymous_0)
FN:37,(anonymous_1)
FN:49,(anonymous_2)
FN:57,(anonymous_3)
FNF:4
FNH:4
FNDA:2,(anonymous_0)
FNDA:2,(anonymous_1)
FNDA:2,(anonymous_2)
FNDA:1,(anonymous_3)
DA:1,3
DA:2,3
DA:3,3
DA:4,3
DA:5,3
DA:7,3
DA:18,2
DA:19,2
DA:38,2
DA:49,3
DA:50,2
DA:51,2
DA:52,2
DA:54,2
DA:57,3
DA:58,1
DA:61,3
DA:63,3
LF:18
LH:18
BRDA:50,0,0,2
BRDA:50,0,1,0
BRF:2
BRH:1
end_of_record
TN:
SF:repository/contacts.js
FN:3,(anonymous_0)
FN:37,(anonymous_1)
FN:45,(anonymous_2)
FN:50,(anonymous_3)
FN:55,(anonymous_4)
FNF:5
FNH:5
FNDA:1,(anonymous_0)
FNDA:2,(anonymous_1)
FNDA:2,(anonymous_2)
FNDA:1,(anonymous_3)
FNDA:2,(anonymous_4)
DA:1,2
DA:3,2
DA:12,1
DA:14,1
DA:15,1
DA:16,0
DA:19,1
DA:33,1
DA:34,1
DA:37,2
DA:38,2
DA:42,2
DA:45,2
DA:46,2
DA:47,2
DA:50,2
DA:51,1
DA:52,1
DA:55,2
DA:56,2
DA:61,2
DA:64,2
LF:22
LH:21
BRDA:8,0,0,1
BRDA:9,1,0,1
BRDA:10,2,0,1
BRDA:11,3,0,1
BRDA:15,4,0,0
BRDA:15,4,1,1
BRDA:24,5,0,0
BRDA:24,5,1,1
BRDA:25,6,0,0
BRDA:25,6,1,1
BRDA:27,7,0,0
BRDA:27,7,1,1
BRF:12
BRH:8
end_of_record
TN:
SF:repository/users.js
FN:3,(anonymous_0)
FN:7,(anonymous_1)
FN:11,(anonymous_2)
FN:16,(anonymous_3)
FN:20,(anonymous_4)
FN:29,(anonymous_5)
FNF:6
FNH:5
FNDA:12,(anonymous_0)
FNDA:3,(anonymous_1)
FNDA:1,(anonymous_2)
FNDA:2,(anonymous_3)
FNDA:1,(anonymous_4)
FNDA:0,(anonymous_5)
DA:1,3
DA:3,3
DA:4,12
DA:7,3
DA:8,3
DA:11,3
DA:12,1
DA:13,1
DA:16,3
DA:17,2
DA:20,3
DA:21,1
DA:26,1
DA:29,3
DA:30,0
DA:33,3
LF:16
LH:15
BRDA:29,0,0,0
BRF:1
BRH:0
end_of_record
TN:
SF:routes/api/contacts.js
FNF:0
FNH:0
DA:1,2
DA:2,2
DA:3,2
DA:4,2
DA:5,2
DA:6,2
DA:8,2
DA:10,2
DA:12,2
DA:14,2
DA:16,2
DA:18,2
DA:20,2
LF:13
LH:13
BRF:0
BRH:0
end_of_record
TN:
SF:routes/api/users.js
FNF:0
FNH:0
DA:1,2
DA:2,2
DA:11,2
DA:12,2
DA:13,2
DA:14,2
DA:15,2
DA:16,2
DA:17,2
DA:20,2
DA:22,2
DA:24,2
DA:26,2
DA:28,2
DA:30,2
DA:32,2
DA:34,2
DA:36,2
DA:38,2
DA:41,2
LF:20
LH:20
BRF:0
BRH:0
end_of_record
TN:
SF:services/cloud-upload.js
FN:13,(anonymous_0)
FN:18,(anonymous_1)
FNF:2
FNH:2
FNDA:1,(anonymous_0)
FNDA:1,(anonymous_1)
DA:1,2
DA:2,2
DA:4,2
DA:5,2
DA:14,1
DA:15,1
DA:20,1
DA:25,0
DA:32,2
LF:9
LH:8
BRF:0
BRH:0
end_of_record
TN:
SF:services/validationContacts.js
FN:55,(anonymous_0)
FN:68,(anonymous_1)
FN:72,(anonymous_2)
FN:76,(anonymous_3)
FN:80,(anonymous_4)
FN:84,(anonymous_5)
FNF:6
FNH:5
FNDA:11,(anonymous_0)
FNDA:1,(anonymous_1)
FNDA:2,(anonymous_2)
FNDA:0,(anonymous_3)
FNDA:2,(anonymous_4)
FNDA:6,(anonymous_5)
DA:1,2
DA:2,2
DA:3,2
DA:5,2
DA:19,2
DA:33,2
DA:47,2
DA:51,2
DA:55,2
DA:56,11
DA:57,11
DA:58,11
DA:60,0
DA:68,2
DA:69,1
DA:72,2
DA:73,2
DA:76,2
DA:77,0
DA:80,2
DA:81,2
DA:84,2
DA:85,6
LF:23
LH:21
BRF:0
BRH:0
end_of_record
TN:
SF:services/validationUsers.js
FN:36,(anonymous_0)
FN:49,(anonymous_1)
FN:53,(anonymous_2)
FN:57,(anonymous_3)
FNF:4
FNH:4
FNDA:4,(anonymous_0)
FNDA:2,(anonymous_1)
FNDA:1,(anonymous_2)
FNDA:1,(anonymous_3)
DA:1,2
DA:2,2
DA:4,2
DA:21,2
DA:30,2
DA:36,2
DA:37,4
DA:38,4
DA:39,4
DA:41,0
DA:49,2
DA:50,2
DA:53,2
DA:54,1
DA:57,2
DA:58,1
LF:16
LH:15
BRF:0
BRH:0
end_of_record
TN:
SF:test/data/data.js
FNF:0
FNH:0
DA:1,2
DA:7,2
DA:14,2
DA:19,2
LF:4
LH:4
BRF:0
BRH:0
end_of_record
